2024-03-01 10:58:58.233 [info] Added views:workbench.panel.markers.view in workbench.panel.markers
2024-03-01 10:58:58.233 [info] Added views:workbench.panel.output in workbench.panel.output
2024-03-01 10:58:58.233 [info] Added views:terminal in terminal
2024-03-01 10:58:58.233 [info] Added views:outline in workbench.view.explorer
2024-03-01 10:58:58.233 [info] Added views:workbench.scm in workbench.view.scm
2024-03-01 10:58:58.233 [info] Added views:workbench.view.search in workbench.view.search
2024-03-01 10:58:58.233 [info] Added views:timeline in workbench.view.explorer
2024-03-01 10:58:58.233 [info] Added views:workbench.explorer.fileView in workbench.view.explorer
2024-03-01 10:58:59.260 [info] Added views:workbench.debug.variablesView,workbench.debug.watchExpressionsView,workbench.debug.callStackView,workbench.debug.breakPointsView in workbench.view.debug
2024-03-01 10:58:59.683 [info] Added views:workbench.panel.repl.view in workbench.panel.repl
2024-03-01 10:59:04.221 [info] Added views:~remote.forwardedPorts in ~remote.forwardedPortsContainer
2024-03-01 10:59:19.709 [info] Added views:workbench.panel.markers.view in workbench.panel.markers
2024-03-01 10:59:19.709 [info] Added views:workbench.panel.output in workbench.panel.output
2024-03-01 10:59:19.709 [info] Added views:terminal in terminal
2024-03-01 10:59:19.709 [info] Added views:outline in workbench.view.explorer
2024-03-01 10:59:19.709 [info] Added views:workbench.scm in workbench.view.scm
2024-03-01 10:59:19.709 [info] Added views:workbench.view.search in workbench.view.search
2024-03-01 10:59:19.709 [info] Added views:timeline in workbench.view.explorer
2024-03-01 10:59:19.709 [info] Added views:workbench.explorer.fileView in workbench.view.explorer
2024-03-01 10:59:20.816 [info] Added views:workbench.debug.variablesView,workbench.debug.watchExpressionsView,workbench.debug.callStackView,workbench.debug.breakPointsView in workbench.view.debug
2024-03-01 10:59:20.921 [info] Added views:workbench.panel.repl.view in workbench.panel.repl
2024-03-01 10:59:20.923 [info] Removed views:workbench.debug.breakPointsView,workbench.debug.callStackView,workbench.debug.watchExpressionsView,workbench.debug.variablesView from workbench.view.debug
2024-03-01 10:59:20.930 [info] Added views:workbench.debug.welcome in workbench.view.debug
2024-03-01 10:59:21.229 [info] Added views:~remote.forwardedPorts in ~remote.forwardedPortsContainer
2024-03-01 10:59:22.963 [info] Removed views:workbench.debug.welcome from workbench.view.debug
2024-03-01 10:59:22.965 [info] Added views:workbench.debug.variablesView,workbench.debug.watchExpressionsView,workbench.debug.callStackView,workbench.debug.breakPointsView in workbench.view.debug
