2024-03-01 11:07:32.015 [info] Extension host with pid 18509 started
2024-03-01 11:07:32.016 [info] Skipping acquiring lock for /home/fort/.config/Code/User/workspaceStorage/9dd2bd33c0355325a68052b046c8a001.
2024-03-01 11:07:32.373 [info] ExtensionService#_doActivateExtension vscode.emmet, startup: false, activationEvent: 'onLanguage'
2024-03-01 11:07:32.422 [info] ExtensionService#_doActivateExtension ms-vscode.cpptools, startup: false, activationEvent: 'onLanguage:cpp', root cause: franneck94.c-cpp-runner
2024-03-01 11:07:32.638 [info] ExtensionService#_doActivateExtension vadimcn.vscode-lldb, startup: false, activationEvent: 'onLanguage:cpp', root cause: franneck94.c-cpp-runner
2024-03-01 11:07:33.597 [info] ExtensionService#_doActivateExtension vscode.git-base, startup: true, activationEvent: '*', root cause: vscode.git
2024-03-01 11:07:33.851 [info] ExtensionService#_doActivateExtension vscode.git, startup: true, activationEvent: '*'
2024-03-01 11:07:33.916 [info] ExtensionService#_doActivateExtension vscode.github, startup: true, activationEvent: '*'
2024-03-01 11:07:35.415 [info] ExtensionService#_doActivateExtension vscode.extension-editing, startup: false, activationEvent: 'onLanguage:json'
2024-03-01 11:07:35.427 [info] ExtensionService#_doActivateExtension vscode.json-language-features, startup: false, activationEvent: 'onLanguage:json'
2024-03-01 11:07:35.467 [info] ExtensionService#_doActivateExtension vscode.npm, startup: false, activationEvent: 'onLanguage:json'
2024-03-01 11:07:36.416 [info] ExtensionService#_doActivateExtension vscode.typescript-language-features, startup: false, activationEvent: 'onLanguage:jsonc'
2024-03-01 11:07:36.600 [info] ExtensionService#_doActivateExtension franneck94.c-cpp-runner, startup: false, activationEvent: 'onLanguage:cpp'
2024-03-01 11:07:36.910 [info] Eager extensions activated
2024-03-01 11:07:36.989 [info] ExtensionService#_doActivateExtension vscode.debug-auto-launch, startup: false, activationEvent: 'onStartupFinished'
2024-03-01 11:07:37.010 [info] ExtensionService#_doActivateExtension vscode.merge-conflict, startup: false, activationEvent: 'onStartupFinished'
2024-03-01 11:07:37.022 [info] ExtensionService#_doActivateExtension Equinusocio.vsc-material-theme, startup: false, activationEvent: 'onStartupFinished'
2024-03-01 11:07:37.042 [info] ExtensionService#_doActivateExtension equinusocio.vsc-material-theme-icons, startup: false, activationEvent: 'onStartupFinished'
2024-03-01 11:07:37.106 [info] ExtensionService#_doActivateExtension PKief.material-icon-theme, startup: false, activationEvent: 'onStartupFinished'
2024-03-01 11:07:45.337 [info] Extension host terminating: renderer closed the MessagePort
2024-03-01 11:07:45.395 [error] Canceled: Canceled
	at new f (/usr/share/code/resources/app/out/vs/workbench/api/node/extensionHostProcess.js:140:45069)
	at d.U (/usr/share/code/resources/app/out/vs/workbench/api/node/extensionHostProcess.js:147:5557)
	at T.<computed>.O.charCodeAt.T.<computed> (/usr/share/code/resources/app/out/vs/workbench/api/node/extensionHostProcess.js:147:3008)
	at s.g (/usr/share/code/resources/app/out/vs/workbench/api/node/extensionHostProcess.js:150:174704)
	at s.executeCommand (/usr/share/code/resources/app/out/vs/workbench/api/node/extensionHostProcess.js:150:174142)
	at m.registerCommand.description (/usr/share/code/resources/app/out/vs/workbench/api/node/extensionHostProcess.js:150:173466)
	at s.h (/usr/share/code/resources/app/out/vs/workbench/api/node/extensionHostProcess.js:150:175243)
	at s.g (/usr/share/code/resources/app/out/vs/workbench/api/node/extensionHostProcess.js:150:174235)
	at s.executeCommand (/usr/share/code/resources/app/out/vs/workbench/api/node/extensionHostProcess.js:150:174142)
	at Object.executeCommand (/usr/share/code/resources/app/out/vs/workbench/api/node/extensionHostProcess.js:160:21634)
	at setContextValue (/home/fort/.vscode/extensions/franneck94.c-cpp-runner-9.4.7/dist/main.js:5980:28)
	at Object.deactivate (/home/fort/.vscode/extensions/franneck94.c-cpp-runner-9.4.7/dist/main.js:3869:39)
	at g.cb (/usr/share/code/resources/app/out/vs/workbench/api/node/extensionHostProcess.js:156:9679)
	at /usr/share/code/resources/app/out/vs/workbench/api/node/extensionHostProcess.js:156:7808
	at Array.map (<anonymous>)
	at g.Y (/usr/share/code/resources/app/out/vs/workbench/api/node/extensionHostProcess.js:156:7795)
	at g.terminate (/usr/share/code/resources/app/out/vs/workbench/api/node/extensionHostProcess.js:156:8068)
	at o.terminate (/usr/share/code/resources/app/out/vs/workbench/api/node/extensionHostProcess.js:160:1513)
	at t (/usr/share/code/resources/app/out/vs/workbench/api/node/extensionHostProcess.js:173:9950)
	at MessagePortMain.<anonymous> (/usr/share/code/resources/app/out/vs/workbench/api/node/extensionHostProcess.js:173:6375)
	at MessagePortMain.emit (node:events:514:28)
	at Object.emit (node:electron/js2c/utility_init:2:2285) setContext undefined
2024-03-01 11:07:45.484 [info] Extension host with pid 18509 exiting with code 0
2024-03-01 11:07:48.018 [info] Extension host with pid 18667 started
2024-03-01 11:07:48.018 [info] Skipping acquiring lock for /home/fort/.config/Code/User/workspaceStorage/29ff2a1db0637c5d5b7586f2b3de80b8.
2024-03-01 11:07:48.238 [info] ExtensionService#_doActivateExtension vscode.emmet, startup: false, activationEvent: 'onLanguage'
2024-03-01 11:07:48.253 [info] ExtensionService#_doActivateExtension ms-vscode.cpptools, startup: false, activationEvent: 'onLanguage:cpp', root cause: franneck94.c-cpp-runner
2024-03-01 11:07:48.428 [info] ExtensionService#_doActivateExtension vadimcn.vscode-lldb, startup: false, activationEvent: 'onLanguage:cpp', root cause: franneck94.c-cpp-runner
2024-03-01 11:07:49.169 [info] ExtensionService#_doActivateExtension vscode.git-base, startup: true, activationEvent: '*', root cause: vscode.git
2024-03-01 11:07:49.307 [info] ExtensionService#_doActivateExtension vscode.git, startup: true, activationEvent: '*'
2024-03-01 11:07:49.362 [info] ExtensionService#_doActivateExtension vscode.github, startup: true, activationEvent: '*'
2024-03-01 11:07:50.160 [info] ExtensionService#_doActivateExtension vscode.extension-editing, startup: false, activationEvent: 'onLanguage:json'
2024-03-01 11:07:50.170 [info] ExtensionService#_doActivateExtension vscode.json-language-features, startup: false, activationEvent: 'onLanguage:json'
2024-03-01 11:07:50.201 [info] ExtensionService#_doActivateExtension vscode.npm, startup: false, activationEvent: 'onLanguage:json'
2024-03-01 11:07:50.273 [info] ExtensionService#_doActivateExtension vscode.typescript-language-features, startup: false, activationEvent: 'onLanguage:jsonc'
2024-03-01 11:07:50.356 [info] ExtensionService#_doActivateExtension franneck94.c-cpp-runner, startup: false, activationEvent: 'onLanguage:cpp'
2024-03-01 11:07:50.740 [info] Eager extensions activated
2024-03-01 11:07:50.868 [info] ExtensionService#_doActivateExtension vscode.debug-auto-launch, startup: false, activationEvent: 'onStartupFinished'
2024-03-01 11:07:50.886 [info] ExtensionService#_doActivateExtension vscode.merge-conflict, startup: false, activationEvent: 'onStartupFinished'
2024-03-01 11:07:50.909 [info] ExtensionService#_doActivateExtension Equinusocio.vsc-material-theme, startup: false, activationEvent: 'onStartupFinished'
2024-03-01 11:07:50.926 [info] ExtensionService#_doActivateExtension equinusocio.vsc-material-theme-icons, startup: false, activationEvent: 'onStartupFinished'
2024-03-01 11:07:50.978 [info] ExtensionService#_doActivateExtension PKief.material-icon-theme, startup: false, activationEvent: 'onStartupFinished'
2024-03-01 11:09:21.315 [warning] ms-vscode.cpptools - Code actions of kind 'quickfix 'requested but returned code action is of kind 'refactor.extract.function'. Code action will be dropped. Please check 'CodeActionContext.only' to only return requested code actions.
2024-03-01 11:09:24.988 [warning] ms-vscode.cpptools - Code actions of kind 'quickfix 'requested but returned code action is of kind 'refactor.extract.function'. Code action will be dropped. Please check 'CodeActionContext.only' to only return requested code actions.
2024-03-01 11:39:53.236 [info] ExtensionService#_doActivateExtension vscode.debug-server-ready, startup: false, activationEvent: 'onDebugResolve'
2024-03-01 11:39:53.270 [info] ExtensionService#_doActivateExtension vscode.grunt, startup: false, activationEvent: 'onTaskType:grunt'
2024-03-01 11:39:53.275 [info] ExtensionService#_doActivateExtension vscode.gulp, startup: false, activationEvent: 'onTaskType:gulp'
2024-03-01 11:39:53.278 [info] ExtensionService#_doActivateExtension vscode.jake, startup: false, activationEvent: 'onTaskType:jake'
2024-03-01 11:39:53.284 [info] ExtensionService#_doActivateExtension ms-vscode.cmake-tools, startup: false, activationEvent: 'onTaskType:cmake'
2024-03-01 11:42:10.917 [info] Extension host terminating: renderer closed the MessagePort
2024-03-01 11:42:10.991 [error] Canceled: Canceled
	at new f (/usr/share/code/resources/app/out/vs/workbench/api/node/extensionHostProcess.js:140:45069)
	at d.U (/usr/share/code/resources/app/out/vs/workbench/api/node/extensionHostProcess.js:147:5557)
	at T.<computed>.O.charCodeAt.T.<computed> (/usr/share/code/resources/app/out/vs/workbench/api/node/extensionHostProcess.js:147:3008)
	at s.g (/usr/share/code/resources/app/out/vs/workbench/api/node/extensionHostProcess.js:150:174704)
	at s.executeCommand (/usr/share/code/resources/app/out/vs/workbench/api/node/extensionHostProcess.js:150:174142)
	at m.registerCommand.description (/usr/share/code/resources/app/out/vs/workbench/api/node/extensionHostProcess.js:150:173466)
	at s.h (/usr/share/code/resources/app/out/vs/workbench/api/node/extensionHostProcess.js:150:175243)
	at s.g (/usr/share/code/resources/app/out/vs/workbench/api/node/extensionHostProcess.js:150:174235)
	at s.executeCommand (/usr/share/code/resources/app/out/vs/workbench/api/node/extensionHostProcess.js:150:174142)
	at Object.executeCommand (/usr/share/code/resources/app/out/vs/workbench/api/node/extensionHostProcess.js:160:21634)
	at setContextValue (/home/fort/.vscode/extensions/franneck94.c-cpp-runner-9.4.7/dist/main.js:5980:28)
	at Object.deactivate (/home/fort/.vscode/extensions/franneck94.c-cpp-runner-9.4.7/dist/main.js:3869:39)
	at g.cb (/usr/share/code/resources/app/out/vs/workbench/api/node/extensionHostProcess.js:156:9679)
	at /usr/share/code/resources/app/out/vs/workbench/api/node/extensionHostProcess.js:156:7808
	at Array.map (<anonymous>)
	at g.Y (/usr/share/code/resources/app/out/vs/workbench/api/node/extensionHostProcess.js:156:7795)
	at g.terminate (/usr/share/code/resources/app/out/vs/workbench/api/node/extensionHostProcess.js:156:8068)
	at o.terminate (/usr/share/code/resources/app/out/vs/workbench/api/node/extensionHostProcess.js:160:1513)
	at t (/usr/share/code/resources/app/out/vs/workbench/api/node/extensionHostProcess.js:173:9950)
	at MessagePortMain.<anonymous> (/usr/share/code/resources/app/out/vs/workbench/api/node/extensionHostProcess.js:173:6375)
	at MessagePortMain.emit (node:events:514:28)
	at Object.emit (node:electron/js2c/utility_init:2:2285) setContext undefined
2024-03-01 11:42:11.076 [info] Extension host with pid 18667 exiting with code 0
