2024-02-08 09:18:58.168 [info] Log level: Info
2024-02-08 09:18:58.168 [info] Validating found git in: "git"
2024-02-08 09:18:58.168 [info] Using git "2.43.0" from "git"
2024-02-08 09:18:58.168 [info] > git rev-parse --show-toplevel [9ms]
2024-02-08 09:18:58.168 [info] fatal: not a git repository (or any parent up to mount point /)
Stopping at filesystem boundary (GIT_DISCOVERY_ACROSS_FILESYSTEM not set).
2024-02-08 09:18:58.168 [info] > git rev-parse --show-toplevel [8ms]
2024-02-08 09:18:58.168 [info] fatal: not a git repository (or any parent up to mount point /)
Stopping at filesystem boundary (GIT_DISCOVERY_ACROSS_FILESYSTEM not set).
2024-02-08 09:18:58.170 [info] > git rev-parse --show-toplevel [84ms]
2024-02-08 09:18:58.170 [info] fatal: not a git repository (or any parent up to mount point /)
Stopping at filesystem boundary (GIT_DISCOVERY_ACROSS_FILESYSTEM not set).
2024-02-08 09:18:58.371 [info] > git rev-parse --show-toplevel [32ms]
2024-02-08 09:18:58.371 [info] fatal: not a git repository (or any parent up to mount point /)
Stopping at filesystem boundary (GIT_DISCOVERY_ACROSS_FILESYSTEM not set).
2024-02-08 09:19:11.596 [info] Log level: Info
2024-02-08 09:19:11.596 [info] Validating found git in: "git"
2024-02-08 09:19:11.596 [info] Using git "2.43.0" from "git"
2024-02-08 09:23:20.937 [info] > git rev-parse --show-toplevel [2ms]
2024-02-08 09:23:20.937 [info] fatal: not a git repository (or any parent up to mount point /)
Stopping at filesystem boundary (GIT_DISCOVERY_ACROSS_FILESYSTEM not set).
