2024-02-13 10:27:07.190 [info] Log level: Info
2024-02-13 10:27:07.190 [info] Validating found git in: "git"
2024-02-13 10:27:07.190 [info] Using git "2.43.1" from "git"
2024-02-13 10:27:07.190 [info] > git rev-parse --show-toplevel [53ms]
2024-02-13 10:27:07.190 [info] fatal: not a git repository (or any parent up to mount point /)
Stopping at filesystem boundary (GIT_DISCOVERY_ACROSS_FILESYSTEM not set).
2024-02-13 10:27:07.190 [info] > git rev-parse --show-toplevel [34ms]
2024-02-13 10:27:07.190 [info] fatal: not a git repository (or any parent up to mount point /)
Stopping at filesystem boundary (GIT_DISCOVERY_ACROSS_FILESYSTEM not set).
2024-02-13 10:27:07.198 [info] > git rev-parse --show-toplevel [59ms]
2024-02-13 10:27:07.198 [info] fatal: not a git repository (or any parent up to mount point /)
Stopping at filesystem boundary (GIT_DISCOVERY_ACROSS_FILESYSTEM not set).
2024-02-13 10:27:07.228 [info] > git rev-parse --show-toplevel [6ms]
2024-02-13 10:27:07.228 [info] fatal: not a git repository (or any parent up to mount point /)
Stopping at filesystem boundary (GIT_DISCOVERY_ACROSS_FILESYSTEM not set).
2024-02-13 10:27:38.818 [info] > git rev-parse --show-toplevel [2ms]
2024-02-13 10:27:38.818 [info] fatal: not a git repository (or any parent up to mount point /)
Stopping at filesystem boundary (GIT_DISCOVERY_ACROSS_FILESYSTEM not set).
2024-02-13 10:27:46.368 [info] > git rev-parse --show-toplevel [3ms]
2024-02-13 10:27:46.368 [info] fatal: not a git repository (or any parent up to mount point /)
Stopping at filesystem boundary (GIT_DISCOVERY_ACROSS_FILESYSTEM not set).
2024-02-13 10:27:55.617 [info] > git rev-parse --show-toplevel [2ms]
2024-02-13 10:27:55.617 [info] fatal: not a git repository (or any parent up to mount point /)
Stopping at filesystem boundary (GIT_DISCOVERY_ACROSS_FILESYSTEM not set).
