2024-02-08 09:18:54.473 [info] Added views:workbench.panel.markers.view in workbench.panel.markers
2024-02-08 09:18:54.473 [info] Added views:workbench.panel.output in workbench.panel.output
2024-02-08 09:18:54.473 [info] Added views:terminal in terminal
2024-02-08 09:18:54.473 [info] Added views:outline in workbench.view.explorer
2024-02-08 09:18:54.473 [info] Added views:workbench.scm in workbench.view.scm
2024-02-08 09:18:54.473 [info] Added views:workbench.view.search in workbench.view.search
2024-02-08 09:18:54.473 [info] Added views:timeline in workbench.view.explorer
2024-02-08 09:18:54.473 [info] Added views:workbench.explorer.fileView in workbench.view.explorer
2024-02-08 09:18:54.966 [info] Added views:workbench.debug.welcome in workbench.view.debug
2024-02-08 09:18:56.354 [info] Added views:codeshareShares in workbench.view.extension.codeshareActivity
2024-02-08 09:18:56.724 [info] Added views:workbench.panel.repl.view in workbench.panel.repl
2024-02-08 09:18:57.662 [info] Added views:~remote.forwardedPorts in ~remote.forwardedPortsContainer
2024-02-08 09:19:09.857 [info] Added views:workbench.panel.markers.view in workbench.panel.markers
2024-02-08 09:19:09.857 [info] Added views:workbench.panel.output in workbench.panel.output
2024-02-08 09:19:09.857 [info] Added views:terminal in terminal
2024-02-08 09:19:09.857 [info] Added views:outline in workbench.view.explorer
2024-02-08 09:19:09.857 [info] Added views:workbench.scm in workbench.view.scm
2024-02-08 09:19:09.857 [info] Added views:workbench.view.search in workbench.view.search
2024-02-08 09:19:09.857 [info] Added views:timeline in workbench.view.explorer
2024-02-08 09:19:09.857 [info] Added views:workbench.explorer.emptyView in workbench.view.explorer
2024-02-08 09:19:10.433 [info] Added views:codeshareShares in workbench.view.extension.codeshareActivity
2024-02-08 09:19:10.733 [info] Added views:workbench.debug.variablesView,workbench.debug.watchExpressionsView,workbench.debug.callStackView,workbench.debug.breakPointsView in workbench.view.debug
2024-02-08 09:19:10.812 [info] Added views:~remote.forwardedPorts in ~remote.forwardedPortsContainer
2024-02-08 09:19:11.282 [info] Added views:workbench.panel.repl.view in workbench.panel.repl
2024-02-08 09:19:11.285 [info] Removed views:workbench.debug.breakPointsView,workbench.debug.callStackView,workbench.debug.watchExpressionsView,workbench.debug.variablesView from workbench.view.debug
2024-02-08 09:19:11.285 [info] Added views:workbench.debug.welcome in workbench.view.debug
