2024-03-01 20:29:46.768 [info] Log level: Info
2024-03-01 20:29:46.768 [info] Validating found git in: "git"
2024-03-01 20:29:46.768 [info] Using git "2.34.1" from "git"
2024-03-01 20:29:46.768 [info] > git rev-parse --show-toplevel [27ms]
2024-03-01 20:29:46.768 [info] > git rev-parse --git-dir --git-common-dir [6ms]
2024-03-01 20:29:46.768 [info] Open repository: /home/fort/Documentos/GitHub/programacion-II-tareas
2024-03-01 20:29:46.822 [info] > git rev-parse --show-toplevel [23ms]
2024-03-01 20:29:46.825 [info] > git config --get commit.template [42ms]
2024-03-01 20:29:46.879 [info] > git rev-parse --show-toplevel [40ms]
2024-03-01 20:29:46.895 [info] > git for-each-ref --format=%(refname)%00%(upstream:short)%00%(objectname)%00%(upstream:track)%00%(upstream:remotename)%00%(upstream:remoteref) refs/heads/main refs/remotes/main [20ms]
2024-03-01 20:29:46.927 [info] > git rev-parse --show-toplevel [33ms]
2024-03-01 20:29:46.958 [info] > git status -z -uall [34ms]
2024-03-01 20:29:46.958 [info] > git rev-parse --show-toplevel [12ms]
2024-03-01 20:29:47.010 [info] > git rev-parse --show-toplevel [16ms]
2024-03-01 20:29:47.027 [info] > git config --get commit.template [19ms]
2024-03-01 20:29:47.303 [info] > git for-each-ref --format=%(refname)%00%(upstream:short)%00%(objectname)%00%(upstream:track)%00%(upstream:remotename)%00%(upstream:remoteref) refs/heads/main refs/remotes/main [89ms]
2024-03-01 20:29:47.432 [info] > git status -z -uall [78ms]
2024-03-01 20:29:47.434 [info] > git check-ignore -v -z --stdin [25ms]
2024-03-01 20:29:59.136 [info] > git check-ignore -v -z --stdin [3ms]
2024-03-01 20:30:06.050 [info] > git check-ignore -v -z --stdin [2ms]
2024-03-01 20:30:08.770 [info] > git show --textconv :Tarea5/main.cpp [30ms]
2024-03-01 20:30:08.806 [info] > git ls-files --stage -- /home/fort/Documentos/GitHub/programacion-II-tareas/Tarea5/main.cpp [37ms]
2024-03-01 20:30:08.835 [info] > git cat-file -s 71bb65a0b68c61caa59c582d1f15de1672c41cb1 [10ms]
2024-03-01 20:30:11.006 [info] > git check-ignore -v -z --stdin [3ms]
2024-03-01 20:30:11.436 [info] > git config --get commit.template [22ms]
2024-03-01 20:30:11.443 [info] > git for-each-ref --format=%(refname)%00%(upstream:short)%00%(objectname)%00%(upstream:track)%00%(upstream:remotename)%00%(upstream:remoteref) refs/heads/main refs/remotes/main [10ms]
2024-03-01 20:30:11.475 [info] > git status -z -uall [10ms]
2024-03-01 20:30:23.001 [info] > git show --textconv :.vscode/launch.json [21ms]
2024-03-01 20:30:23.003 [info] > git ls-files --stage -- /home/fort/Documentos/GitHub/programacion-II-tareas/.vscode/launch.json [7ms]
2024-03-01 20:30:23.371 [info] > git check-ignore -v -z --stdin [4ms]
2024-03-01 20:30:23.750 [info] > git config --get commit.template [18ms]
2024-03-01 20:30:23.754 [info] > git for-each-ref --format=%(refname)%00%(upstream:short)%00%(objectname)%00%(upstream:track)%00%(upstream:remotename)%00%(upstream:remoteref) refs/heads/main refs/remotes/main [5ms]
2024-03-01 20:30:23.775 [info] > git status -z -uall [5ms]
2024-03-01 20:30:39.150 [info] > git show --textconv :Tarea5/main.cpp [28ms]
2024-03-01 20:30:39.156 [info] > git ls-files --stage -- /home/fort/Documentos/GitHub/programacion-II-tareas/Tarea5/main.cpp [6ms]
2024-03-01 20:30:39.190 [info] > git cat-file -s 71bb65a0b68c61caa59c582d1f15de1672c41cb1 [11ms]
2024-03-01 20:30:58.742 [info] > git config --get commit.template [32ms]
2024-03-01 20:30:58.772 [info] > git for-each-ref --format=%(refname)%00%(upstream:short)%00%(objectname)%00%(upstream:track)%00%(upstream:remotename)%00%(upstream:remoteref) refs/heads/main refs/remotes/main [7ms]
2024-03-01 20:30:58.803 [info] > git status -z -uall [7ms]
2024-03-01 20:31:03.844 [info] > git config --get commit.template [16ms]
2024-03-01 20:31:03.845 [info] > git for-each-ref --format=%(refname)%00%(upstream:short)%00%(objectname)%00%(upstream:track)%00%(upstream:remotename)%00%(upstream:remoteref) refs/heads/main refs/remotes/main [3ms]
2024-03-01 20:31:03.863 [info] > git status -z -uall [3ms]
2024-03-01 20:31:05.946 [info] > git show --textconv :.vscode/launch.json [21ms]
2024-03-01 20:31:05.948 [info] > git ls-files --stage -- /home/fort/Documentos/GitHub/programacion-II-tareas/.vscode/launch.json [3ms]
