2024-02-09 10:00:28.771 [info] Added views:workbench.panel.markers.view in workbench.panel.markers
2024-02-09 10:00:28.771 [info] Added views:workbench.panel.output in workbench.panel.output
2024-02-09 10:00:28.771 [info] Added views:terminal in terminal
2024-02-09 10:00:28.771 [info] Added views:outline in workbench.view.explorer
2024-02-09 10:00:28.771 [info] Added views:workbench.scm in workbench.view.scm
2024-02-09 10:00:28.772 [info] Added views:workbench.view.search in workbench.view.search
2024-02-09 10:00:28.772 [info] Added views:timeline in workbench.view.explorer
2024-02-09 10:00:28.772 [info] Added views:workbench.explorer.emptyView in workbench.view.explorer
2024-02-09 10:00:29.500 [info] Added views:codeshareShares in workbench.view.extension.codeshareActivity
2024-02-09 10:00:29.646 [info] Added views:workbench.debug.welcome in workbench.view.debug
2024-02-09 10:00:30.340 [info] Added views:workbench.panel.repl.view in workbench.panel.repl
2024-02-09 10:00:31.065 [info] Added views:~remote.forwardedPorts in ~remote.forwardedPortsContainer
2024-02-09 10:04:16.844 [info] Added views:workbench.panel.markers.view in workbench.panel.markers
2024-02-09 10:04:16.844 [info] Added views:workbench.panel.output in workbench.panel.output
2024-02-09 10:04:16.844 [info] Added views:terminal in terminal
2024-02-09 10:04:16.844 [info] Added views:outline in workbench.view.explorer
2024-02-09 10:04:16.844 [info] Added views:workbench.scm in workbench.view.scm
2024-02-09 10:04:16.844 [info] Added views:workbench.view.search in workbench.view.search
2024-02-09 10:04:16.844 [info] Added views:timeline in workbench.view.explorer
2024-02-09 10:04:16.844 [info] Added views:workbench.explorer.fileView in workbench.view.explorer
2024-02-09 10:04:17.774 [info] Added views:workbench.debug.variablesView,workbench.debug.watchExpressionsView,workbench.debug.callStackView,workbench.debug.breakPointsView in workbench.view.debug
2024-02-09 10:04:17.992 [info] Added views:~remote.forwardedPorts in ~remote.forwardedPortsContainer
2024-02-09 10:04:18.322 [info] Added views:workbench.panel.repl.view in workbench.panel.repl
2024-02-09 10:04:18.328 [info] Removed views:workbench.debug.breakPointsView,workbench.debug.callStackView,workbench.debug.watchExpressionsView,workbench.debug.variablesView from workbench.view.debug
2024-02-09 10:04:18.332 [info] Added views:workbench.debug.welcome in workbench.view.debug
2024-02-09 10:04:25.929 [info] Added views:codeshareShares in workbench.view.extension.codeshareActivity
2024-02-09 10:05:07.046 [info] Added views:workbench.views.extensions.installed,workbench.views.extensions.popular,extensions.recommendedList in workbench.view.extensions
2024-02-09 10:05:07.052 [info] Removed views:workbench.views.extensions.popular from workbench.view.extensions
2024-02-09 10:05:09.120 [info] Removed views:extensions.recommendedList,workbench.views.extensions.installed from workbench.view.extensions
2024-02-09 10:05:09.137 [info] Added views:workbench.views.extensions.marketplace in workbench.view.extensions
2024-02-09 10:05:09.553 [info] Removed views:workbench.views.extensions.marketplace from workbench.view.extensions
2024-02-09 10:05:09.576 [info] Added views:workbench.views.extensions.installed,extensions.recommendedList in workbench.view.extensions
2024-02-09 10:05:11.851 [info] Removed views:extensions.recommendedList,workbench.views.extensions.installed from workbench.view.extensions
2024-02-09 10:05:11.865 [info] Added views:workbench.views.extensions.marketplace in workbench.view.extensions
2024-02-09 10:05:58.682 [info] Added views:workbench.view.testing in workbench.view.extension.test
2024-02-09 10:57:16.478 [info] Removed views:workbench.view.testing from workbench.view.extension.test
