2024-03-02T02:21:16.874Z - info: [ui] [AppStore] loading 0 repositories from store
2024-03-02T02:21:16.985Z - info: [ui] [Welcome] no sign in step found. ignoring...
2024-03-02T02:21:16.989Z - info: [ui] launching: 3.3.8-linux1 (Linux 5.15.0-97-generic)
2024-03-02T02:21:16.990Z - info: [ui] execPath: '/usr/lib/github-desktop/github-desktop'
2024-03-02T02:21:17.046Z - info: [ui] [Welcome] no sign in step found. ignoring...
2024-03-02T02:21:17.151Z - info: [ui] Opt in reported.
2024-03-02T02:21:20.367Z - info: [ui] [Welcome] no sign in step found. ignoring...
2024-03-02T02:21:20.391Z - info: [ui] [Welcome] no sign in step found. ignoring...
2024-03-02T02:21:23.754Z - info: [ui] [Welcome] advancing to step: SignInToDotComWithBrowser
2024-03-02T02:21:23.757Z - info: [ui] [SignInStore] initializing OAuth flow
2024-03-02T02:21:23.766Z - info: [main] opening in browser: https://github.com/login/oauth/authorize?client_id=3a723b10ac5575cc5bb9&scope=repo%20user%20workflow&state=a74b8ebe-3b6d-4544-ae85-62f3e2774c7c
2024-03-02T02:21:23.768Z - info: [ui] [Welcome] current sign in state not found. ignoring...
2024-03-02T02:21:25.522Z - info: [ui] [Welcome] kind Authentication is the same as Authentication. ignoring...
2024-03-02T02:21:50.213Z - info: [main] Received possible protocol arguments: 3
2024-03-02T02:21:50.213Z - info: [main] Processing protocol url
2024-03-02T02:21:50.225Z - info: [ui] [Dispatcher] requesting authenticated user
2024-03-02T02:21:50.231Z - info: [ui] [Welcome] kind Authentication is the same as Authentication. ignoring...
2024-03-02T02:21:50.251Z - info: [ui] [Welcome] kind Authentication is the same as Authentication. ignoring...
2024-03-02T02:21:50.492Z - info: [main] Received possible protocol arguments: 2
2024-03-02T02:21:50.500Z - info: [main] Processing protocol url
2024-03-02T02:21:51.313Z - info: [ui] [SignInStore] account resolved
2024-03-02T02:21:51.314Z - info: [ui] [AppStore] adding account Fort503 (Fort503) to store
2024-03-02T02:21:51.325Z - info: [ui] [Welcome] advancing to step: ConfigureGit
2024-03-02T02:21:51.406Z - info: [ui] [Welcome] no sign in step found. ignoring...
2024-03-02T02:21:51.604Z - info: [ui] [Welcome] no sign in step found. ignoring...
2024-03-02T02:21:51.726Z - info: [ui] Subscribed 'Fort503' to Alive channel
2024-03-02T02:22:17.835Z - info: [ui] [AppStore.getAccountForRemoteURL] account found for remote: https://github.com/Fort503/ProgramacionUno.git - Fort503 (has token)
2024-03-02T02:22:18.358Z - info: [ui] [AppStore] adding repository at /home/fort/Documentos/GitHub/ProgramacionUno to store
2024-03-02T02:23:24.281Z - info: [ui] [AppStore.withAuthenticatingUser] account found for repository: ProgramacionUno - Fort503 (has token)
2024-03-02T02:23:25.202Z - info: [ui] [RepositoryIndicatorUpdater]: Refreshing sidebar indicators for 1 repositories took 1.3s of which 0.0s paused, total 1.3s
2024-03-02T02:23:47.432Z - info: [ui] [Timing] Action 'create commit' for 'Fort503/ProgramacionUno' took 0.206s
2024-03-02T02:23:50.070Z - info: [ui] [AppStore.withAuthenticatingUser] account found for repository: ProgramacionUno - Fort503 (has token)
2024-03-02T02:23:51.341Z - info: [ui] Executing push: git -c credential.helper= push origin main:main --progress (took 1.262s)
2024-03-02T02:25:13.311Z - warn: [ui] fetchAll: 'repos/Fort503/ProgramacionUno/pulls?state=open' returned a 404
2024-03-02T02:25:16.646Z - info: [ui] [BranchPruner] Last prune took place 3 minutes ago - skipping
2024-03-02T02:25:16.647Z - warn: [ui] fetchRepository: 'Fort503/ProgramacionUno' returned a 404
2024-03-02T02:25:17.786Z - info: [ui] [fetchProtectedBranches] unable to list protected branches
Error: Not Found
    at cn (/home/fort/webpack:/app/src/lib/http.ts:178:11)
    at Xn.fetchProtectedBranches (/home/fort/webpack:/app/src/lib/api.ts:1636:7)
    at Ka.updateBranchProtectionsFromAPI (/home/fort/webpack:/app/src/lib/stores/app-store.ts:4138:11)
2024-03-02T02:25:17.820Z - info: [ui] Executing getAuthorIdentity: git var GIT_AUTHOR_IDENT (took 1.151s)
2024-03-02T02:25:17.822Z - info: [ui] Executing getStashEntries: git log -g -z --format=%gD%x00%H%x00%gs%x00%T%x00%P refs/stash (took 1.161s)
2024-03-02T02:25:17.822Z - info: [ui] Executing getCommits: git log origin/main..main --date=raw --max-count=100 -z --format=%H%x00%h%x00%s%x00%b%x00%an <%ae> %ad%x00%cn <%ce> %cd%x00%P%x00%(trailers:unfold,only)%x00%D --no-show-signature --no-color -- (took 1.171s)
2024-03-02T02:25:17.848Z - warn: [ui] fetchAll: 'repos/Fort503/ProgramacionUno/issues?state=open' returned a 404
2024-03-02T02:25:39.601Z - info: [ui] [AppStore] loading 1 repositories from store
2024-03-02T02:25:39.610Z - info: [ui] [AppStore] found account: Fort503 (Fort503)
2024-03-02T02:25:39.673Z - info: [ui] [BranchPruner] Last prune took place 3 minutes ago - skipping
2024-03-02T02:25:40.029Z - info: [ui] launching: 3.3.8-linux1 (Linux 5.15.0-97-generic)
2024-03-02T02:25:40.053Z - info: [ui] execPath: '/usr/lib/github-desktop/github-desktop'
2024-03-02T02:25:40.391Z - warn: [ui] fetchAll: 'repos/Fort503/ProgramacionUno/issues?state=open' returned a 404
2024-03-02T02:25:40.394Z - warn: [ui] fetchAll: 'repos/Fort503/ProgramacionUno/pulls?state=open' returned a 404
2024-03-02T02:25:40.399Z - warn: [ui] fetchRepository: 'Fort503/ProgramacionUno' returned a 404
2024-03-02T02:25:41.459Z - info: [ui] [fetchProtectedBranches] unable to list protected branches
Error: Not Found
    at cn (/home/fort/webpack:/app/src/lib/http.ts:178:11)
    at Xn.fetchProtectedBranches (/home/fort/webpack:/app/src/lib/api.ts:1636:7)
    at Ka.updateBranchProtectionsFromAPI (/home/fort/webpack:/app/src/lib/stores/app-store.ts:4138:11)
2024-03-02T02:25:41.467Z - info: [ui] Stats reported.
2024-03-02T02:25:41.472Z - info: [ui] Subscribed 'Fort503' to Alive channel
2024-03-02T02:26:15.730Z - info: [ui] [AppStore] loading 1 repositories from store
2024-03-02T02:26:15.736Z - info: [ui] [AppStore] found account: Fort503 (Fort503)
2024-03-02T02:26:15.766Z - info: [ui] Subscribed 'Fort503' to Alive channel
2024-03-02T02:26:15.793Z - info: [ui] [BranchPruner] Last prune took place 4 minutes ago - skipping
2024-03-02T02:26:16.106Z - warn: [ui] fetchAll: 'repos/Fort503/ProgramacionUno/issues?state=open' returned a 404
2024-03-02T02:26:16.108Z - warn: [ui] fetchRepository: 'Fort503/ProgramacionUno' returned a 404
2024-03-02T02:26:17.146Z - info: [ui] [fetchProtectedBranches] unable to list protected branches
Error: Not Found
    at cn (/home/fort/webpack:/app/src/lib/http.ts:178:11)
    at Xn.fetchProtectedBranches (/home/fort/webpack:/app/src/lib/api.ts:1636:7)
    at Ka.updateBranchProtectionsFromAPI (/home/fort/webpack:/app/src/lib/stores/app-store.ts:4138:11)
2024-03-02T02:26:17.184Z - info: [ui] launching: 3.3.8-linux1 (Linux 5.15.0-97-generic)
2024-03-02T02:26:17.185Z - info: [ui] execPath: '/usr/lib/github-desktop/github-desktop'
2024-03-02T02:26:17.503Z - warn: [ui] fetchAll: 'repos/Fort503/ProgramacionUno/pulls?state=open' returned a 404
2024-03-02T02:26:42.662Z - info: [ui] [AppStore.getAccountForRemoteURL] account found for remote: https://github.com/Fort503/programacion-II-tareas.git - Fort503 (has token)
2024-03-02T02:26:43.209Z - info: [ui] [AppStore] adding repository at /home/fort/Documentos/GitHub/programacion-II-tareas to store
2024-03-02T02:28:03.803Z - info: [ui] [Timing] Action 'create commit' for 'Fort503/programacion-II-tareas' took 0.200s
2024-03-02T02:28:06.920Z - info: [ui] [AppStore.withAuthenticatingUser] account found for repository: programacion-II-tareas - Fort503 (has token)
2024-03-02T02:28:08.131Z - info: [ui] Executing push: git -c credential.helper= push origin main:main --progress (took 1.180s)
2024-03-02T02:29:21.400Z - info: [ui] [BranchPruner] Last prune took place 3 minutes ago - skipping
2024-03-02T02:55:23.765Z - info: [ui] [AppStore] loading 1 repositories from store
2024-03-02T02:55:23.770Z - info: [ui] [AppStore] found account: Fort503 (Fort503)
2024-03-02T02:55:23.837Z - info: [ui] [BranchPruner] Last prune took place 29 minutes ago - skipping
2024-03-02T02:55:24.423Z - info: [ui] Subscribed 'Fort503' to Alive channel
2024-03-02T02:55:24.534Z - info: [ui] launching: 3.3.8-linux1 (Linux 5.15.0-97-generic)
2024-03-02T02:55:24.535Z - info: [ui] execPath: '/usr/lib/github-desktop/github-desktop'
2024-03-02T02:56:06.668Z - info: [ui] [BranchPruner] Last prune took place 29 minutes ago - skipping
2024-03-02T02:57:35.964Z - info: [ui] [Timing] Action 'create commit' for 'Fort503/programacion-II-tareas' took 0.143s
2024-03-02T02:58:09.438Z - info: [ui] [AppStore.withAuthenticatingUser] account found for repository: programacion-II-tareas - Fort503 (has token)
2024-03-02T02:58:10.045Z - error: [ui] `git -c credential.helper= push origin main:main --progress` exited with an unexpected code: 1.
stderr:
To https://github.com/Fort503/programacion-II-tareas.git
 ! [rejected]        main -> main (fetch first)
error: failed to push some refs to 'https://github.com/Fort503/programacion-II-tareas.git'
hint: Updates were rejected because the remote contains work that you do
hint: not have locally. This is usually caused by another repository pushing
hint: to the same ref. You may want to first integrate the remote changes
hint: (e.g., 'git pull ...') before pushing again.
hint: See the 'Note about fast-forwards' in 'git push --help' for details.

(The error was parsed as 10: The repository has been updated since you last pulled. Try pulling before pushing.)
2024-03-02T02:58:12.601Z - info: [ui] [AppStore.withAuthenticatingUser] account found for repository: programacion-II-tareas - Fort503 (has token)
2024-03-02T02:58:19.665Z - info: [ui] [AppStore.withAuthenticatingUser] account found for repository: programacion-II-tareas - Fort503 (has token)
2024-03-02T02:58:22.965Z - info: [ui] [AppStore.withAuthenticatingUser] account found for repository: programacion-II-tareas - Fort503 (has token)
2024-03-02T03:08:40.950Z - info: [ui] [AppStore] loading 1 repositories from store
2024-03-02T03:08:40.960Z - info: [ui] [AppStore] found account: Fort503 (Christopher Briyant Álvarez Moz)
2024-03-02T03:08:41.030Z - info: [ui] [BranchPruner] Last prune took place 42 minutes ago - skipping
2024-03-02T03:08:41.435Z - info: [ui] launching: 3.3.8-linux1 (Linux 5.15.0-97-generic)
2024-03-02T03:08:41.443Z - info: [ui] execPath: '/usr/lib/github-desktop/github-desktop'
2024-03-02T03:08:41.663Z - info: [ui] Subscribed 'Fort503' to Alive channel
2024-03-02T03:11:19.619Z - info: [ui] [AppStore] adding repository at /home/fort/Documentos/GitHub/Proyecto-final-programacion-I to store
2024-03-02T03:12:32.589Z - info: [ui] [Timing] Action 'create commit' for 'Proyecto-final-programacion-I' took 0.556s
2024-03-02T03:12:53.025Z - info: [ui] Executing push: git -c credential.helper= push origin main --set-upstream --progress (took 4.701s)
2024-03-02T03:12:55.252Z - info: [ui] [BranchPruner] No branches to prune.
2024-03-02T03:13:00.285Z - info: [main] opening in browser: https://github.com/Fort503/Proyecto-final-programacion-I
2024-03-02T03:19:23.873Z - info: [main] Received possible protocol arguments: 3
2024-03-02T18:52:50.978Z - info: [ui] [AppStore] loading 2 repositories from store
2024-03-02T18:52:50.983Z - info: [ui] [AppStore] found account: Fort503 (Christopher Briyant Álvarez Moz)
2024-03-02T18:52:51.045Z - info: [ui] [BranchPruner] Last prune took place 16 hours ago - skipping
2024-03-02T18:52:51.601Z - info: [ui] Subscribed 'Fort503' to Alive channel
2024-03-02T18:52:51.842Z - info: [ui] launching: 3.3.8-linux1 (Linux 5.15.0-97-generic)
2024-03-02T18:52:51.844Z - info: [ui] execPath: '/usr/lib/github-desktop/github-desktop'
2024-03-02T18:52:52.100Z - info: [ui] [BranchPruner] Last prune took place 16 hours ago - skipping
2024-03-02T18:53:32.770Z - info: [ui] [RepositoryIndicatorUpdater]: Refreshing sidebar indicators for 2 repositories took 0.4s of which 0.0s paused, total 0.4s
2024-03-02T18:59:13.095Z - info: [ui] [AppStore] adding repository at /home/fort/Documentos/GitHub/my-dotfiles to store
