2024-02-08 09:18:56.248 [info] Extension host with pid 89628 started
2024-02-08 09:18:56.249 [info] Skipping acquiring lock for /home/fort/.config/Code - OSS/User/workspaceStorage/084e1ab5c895f1c097dcdc5db7698abb.
2024-02-08 09:18:56.721 [info] ExtensionService#_doActivateExtension vscode.emmet, startup: false, activationEvent: 'onLanguage'
2024-02-08 09:18:56.771 [info] ExtensionService#_doActivateExtension vscode.html-language-features, startup: false, activationEvent: 'onLanguage:html'
2024-02-08 09:18:57.505 [info] ExtensionService#_doActivateExtension vscode.git-base, startup: true, activationEvent: '*', root cause: vscode.git
2024-02-08 09:18:57.517 [info] ExtensionService#_doActivateExtension vscode.git, startup: true, activationEvent: '*'
2024-02-08 09:18:57.733 [info] ExtensionService#_doActivateExtension vscode.github, startup: true, activationEvent: '*'
2024-02-08 09:18:57.980 [info] Eager extensions activated
2024-02-08 09:18:58.097 [info] ExtensionService#_doActivateExtension vscode.debug-auto-launch, startup: false, activationEvent: 'onStartupFinished'
2024-02-08 09:18:58.105 [info] ExtensionService#_doActivateExtension vscode.merge-conflict, startup: false, activationEvent: 'onStartupFinished'
2024-02-08 09:18:58.173 [info] ExtensionService#_doActivateExtension PKief.material-icon-theme, startup: false, activationEvent: 'onStartupFinished'
2024-02-08 09:18:58.210 [info] ExtensionService#_doActivateExtension ritwickdey.LiveServer, startup: false, activationEvent: 'onStartupFinished'
2024-02-08 09:19:08.918 [info] Extension host terminating: renderer closed the MessagePort
2024-02-08 09:19:08.936 [info] Extension host with pid 89628 exiting with code 0
2024-02-08 09:19:11.258 [info] Extension host with pid 89706 started
2024-02-08 09:19:11.286 [info] ExtensionService#_doActivateExtension vscode.git-base, startup: true, activationEvent: '*', root cause: vscode.git
2024-02-08 09:19:11.301 [info] ExtensionService#_doActivateExtension vscode.git, startup: true, activationEvent: '*'
2024-02-08 09:19:11.451 [info] ExtensionService#_doActivateExtension vscode.github, startup: true, activationEvent: '*'
2024-02-08 09:19:11.584 [info] Eager extensions activated
2024-02-08 09:19:11.674 [info] ExtensionService#_doActivateExtension vscode.debug-auto-launch, startup: false, activationEvent: 'onStartupFinished'
2024-02-08 09:19:11.681 [info] ExtensionService#_doActivateExtension vscode.merge-conflict, startup: false, activationEvent: 'onStartupFinished'
2024-02-08 09:19:11.729 [info] ExtensionService#_doActivateExtension PKief.material-icon-theme, startup: false, activationEvent: 'onStartupFinished'
2024-02-08 09:19:11.758 [info] ExtensionService#_doActivateExtension ritwickdey.LiveServer, startup: false, activationEvent: 'onStartupFinished'
2024-02-08 09:23:20.983 [info] ExtensionService#_doActivateExtension vscode.emmet, startup: false, activationEvent: 'onLanguage'
2024-02-08 09:28:28.394 [info] Extension host terminating: renderer closed the MessagePort
2024-02-08 09:28:28.405 [info] Extension host with pid 89706 exiting with code 0
