2024-02-14 21:07:22.069 [info] Added views:workbench.panel.markers.view in workbench.panel.markers
2024-02-14 21:07:22.069 [info] Added views:workbench.panel.output in workbench.panel.output
2024-02-14 21:07:22.069 [info] Added views:terminal in terminal
2024-02-14 21:07:22.069 [info] Added views:outline in workbench.view.explorer
2024-02-14 21:07:22.069 [info] Added views:workbench.scm in workbench.view.scm
2024-02-14 21:07:22.069 [info] Added views:workbench.view.search in workbench.view.search
2024-02-14 21:07:22.069 [info] Added views:timeline in workbench.view.explorer
2024-02-14 21:07:22.070 [info] Added views:workbench.explorer.fileView in workbench.view.explorer
2024-02-14 21:07:22.620 [info] Added views:workbench.debug.welcome in workbench.view.debug
2024-02-14 21:07:22.987 [info] Added views:codeshareShares in workbench.view.extension.codeshareActivity
2024-02-14 21:07:24.399 [info] Added views:workbench.panel.repl.view in workbench.panel.repl
2024-02-14 21:07:28.642 [info] Added views:~remote.forwardedPorts in ~remote.forwardedPortsContainer
2024-02-14 21:07:44.080 [info] Added views:workbench.panel.markers.view in workbench.panel.markers
2024-02-14 21:07:44.080 [info] Added views:workbench.panel.output in workbench.panel.output
2024-02-14 21:07:44.080 [info] Added views:terminal in terminal
2024-02-14 21:07:44.080 [info] Added views:outline in workbench.view.explorer
2024-02-14 21:07:44.080 [info] Added views:workbench.scm in workbench.view.scm
2024-02-14 21:07:44.080 [info] Added views:workbench.view.search in workbench.view.search
2024-02-14 21:07:44.080 [info] Added views:timeline in workbench.view.explorer
2024-02-14 21:07:44.080 [info] Added views:workbench.explorer.fileView in workbench.view.explorer
2024-02-14 21:07:44.909 [info] Added views:workbench.debug.variablesView,workbench.debug.watchExpressionsView,workbench.debug.callStackView,workbench.debug.breakPointsView in workbench.view.debug
2024-02-14 21:07:45.168 [info] Added views:~remote.forwardedPorts in ~remote.forwardedPortsContainer
2024-02-14 21:07:45.769 [info] Added views:workbench.panel.repl.view in workbench.panel.repl
2024-02-14 21:07:45.773 [info] Removed views:workbench.debug.breakPointsView,workbench.debug.callStackView,workbench.debug.watchExpressionsView,workbench.debug.variablesView from workbench.view.debug
2024-02-14 21:07:45.775 [info] Added views:workbench.debug.welcome in workbench.view.debug
2024-02-14 21:07:47.955 [info] Added views:codeshareShares in workbench.view.extension.codeshareActivity
