2024-02-13 10:02:34.429 [info] Extension host with pid 35730 started
2024-02-13 10:02:34.429 [info] Skipping acquiring lock for /home/fort/.config/Code - OSS/User/workspaceStorage/591316c830f9f3ed26cdca4ba5fcf29f.
2024-02-13 10:02:34.663 [info] ExtensionService#_doActivateExtension vscode.emmet, startup: false, activationEvent: 'onLanguage'
2024-02-13 10:02:34.821 [info] ExtensionService#_doActivateExtension vscode.git-base, startup: true, activationEvent: '*', root cause: vscode.git
2024-02-13 10:02:34.844 [info] ExtensionService#_doActivateExtension vscode.git, startup: true, activationEvent: '*'
2024-02-13 10:02:35.051 [info] ExtensionService#_doActivateExtension vscode.github, startup: true, activationEvent: '*'
2024-02-13 10:02:35.267 [info] Eager extensions activated
2024-02-13 10:02:35.372 [info] ExtensionService#_doActivateExtension vscode.debug-auto-launch, startup: false, activationEvent: 'onStartupFinished'
2024-02-13 10:02:35.383 [info] ExtensionService#_doActivateExtension vscode.merge-conflict, startup: false, activationEvent: 'onStartupFinished'
2024-02-13 10:02:35.508 [info] ExtensionService#_doActivateExtension PKief.material-icon-theme, startup: false, activationEvent: 'onStartupFinished'
2024-02-13 10:02:35.611 [info] ExtensionService#_doActivateExtension ritwickdey.LiveServer, startup: false, activationEvent: 'onStartupFinished'
2024-02-13 10:02:39.650 [info] Extension host terminating: renderer closed the MessagePort
2024-02-13 10:02:39.662 [info] Extension host with pid 35730 exiting with code 0
2024-02-13 10:02:41.783 [info] Extension host with pid 35849 started
2024-02-13 10:02:41.810 [info] ExtensionService#_doActivateExtension vscode.git-base, startup: true, activationEvent: '*', root cause: vscode.git
2024-02-13 10:02:41.836 [info] ExtensionService#_doActivateExtension vscode.git, startup: true, activationEvent: '*'
2024-02-13 10:02:41.984 [info] ExtensionService#_doActivateExtension vscode.github, startup: true, activationEvent: '*'
2024-02-13 10:02:42.118 [info] Eager extensions activated
2024-02-13 10:02:42.138 [info] ExtensionService#_doActivateExtension vscode.debug-auto-launch, startup: false, activationEvent: 'onStartupFinished'
2024-02-13 10:02:42.142 [info] ExtensionService#_doActivateExtension vscode.merge-conflict, startup: false, activationEvent: 'onStartupFinished'
2024-02-13 10:02:42.179 [info] ExtensionService#_doActivateExtension PKief.material-icon-theme, startup: false, activationEvent: 'onStartupFinished'
2024-02-13 10:02:42.213 [info] ExtensionService#_doActivateExtension ritwickdey.LiveServer, startup: false, activationEvent: 'onStartupFinished'
2024-02-13 10:02:50.211 [info] Extension host terminating: renderer closed the MessagePort
2024-02-13 10:02:50.232 [info] Extension host with pid 35849 exiting with code 0
2024-02-13 10:02:52.586 [info] Extension host with pid 35911 started
2024-02-13 10:02:52.586 [info] Skipping acquiring lock for /home/fort/.config/Code - OSS/User/workspaceStorage/dfc523573fd11da5ef1012a44523855b.
2024-02-13 10:02:52.743 [info] ExtensionService#_doActivateExtension vscode.git-base, startup: true, activationEvent: '*'
2024-02-13 10:02:52.823 [info] ExtensionService#_doActivateExtension vscode.github, startup: true, activationEvent: '*'
2024-02-13 10:02:52.904 [info] Eager extensions activated
2024-02-13 10:02:52.921 [info] ExtensionService#_doActivateExtension vscode.debug-auto-launch, startup: false, activationEvent: 'onStartupFinished'
2024-02-13 10:02:52.924 [info] ExtensionService#_doActivateExtension vscode.merge-conflict, startup: false, activationEvent: 'onStartupFinished'
2024-02-13 10:02:52.965 [info] ExtensionService#_doActivateExtension PKief.material-icon-theme, startup: false, activationEvent: 'onStartupFinished'
2024-02-13 10:02:54.296 [info] ExtensionService#_doActivateExtension vscode.git, startup: false, activationEvent: 'api', root cause: vscode.github
2024-02-13 10:02:54.535 [info] ExtensionService#_doActivateExtension ritwickdey.LiveServer, startup: false, activationEvent: 'onStartupFinished'
2024-02-13 10:03:19.340 [info] Extension host terminating: renderer closed the MessagePort
2024-02-13 10:03:19.353 [info] Extension host with pid 35911 exiting with code 0
