2024-02-13 10:02:32.947 [info] Added views:workbench.panel.markers.view in workbench.panel.markers
2024-02-13 10:02:32.947 [info] Added views:workbench.panel.output in workbench.panel.output
2024-02-13 10:02:32.947 [info] Added views:terminal in terminal
2024-02-13 10:02:32.947 [info] Added views:outline in workbench.view.explorer
2024-02-13 10:02:32.947 [info] Added views:workbench.scm in workbench.view.scm
2024-02-13 10:02:32.947 [info] Added views:workbench.view.search in workbench.view.search
2024-02-13 10:02:32.947 [info] Added views:timeline in workbench.view.explorer
2024-02-13 10:02:32.947 [info] Added views:workbench.explorer.fileView in workbench.view.explorer
2024-02-13 10:02:33.457 [info] Added views:workbench.debug.welcome in workbench.view.debug
2024-02-13 10:02:33.882 [info] Added views:codeshareShares in workbench.view.extension.codeshareActivity
2024-02-13 10:02:34.672 [info] Added views:workbench.panel.repl.view in workbench.panel.repl
2024-02-13 10:02:36.111 [info] Added views:~remote.forwardedPorts in ~remote.forwardedPortsContainer
2024-02-13 10:02:40.567 [info] Added views:workbench.panel.markers.view in workbench.panel.markers
2024-02-13 10:02:40.567 [info] Added views:workbench.panel.output in workbench.panel.output
2024-02-13 10:02:40.567 [info] Added views:terminal in terminal
2024-02-13 10:02:40.567 [info] Added views:outline in workbench.view.explorer
2024-02-13 10:02:40.567 [info] Added views:workbench.scm in workbench.view.scm
2024-02-13 10:02:40.567 [info] Added views:workbench.view.search in workbench.view.search
2024-02-13 10:02:40.567 [info] Added views:timeline in workbench.view.explorer
2024-02-13 10:02:40.567 [info] Added views:workbench.explorer.emptyView in workbench.view.explorer
2024-02-13 10:02:41.027 [info] Added views:codeshareShares in workbench.view.extension.codeshareActivity
2024-02-13 10:02:41.741 [info] Added views:workbench.debug.variablesView,workbench.debug.watchExpressionsView,workbench.debug.callStackView,workbench.debug.breakPointsView in workbench.view.debug
2024-02-13 10:02:41.808 [info] Added views:workbench.panel.repl.view in workbench.panel.repl
2024-02-13 10:02:41.809 [info] Removed views:workbench.debug.breakPointsView,workbench.debug.callStackView,workbench.debug.watchExpressionsView,workbench.debug.variablesView from workbench.view.debug
2024-02-13 10:02:41.809 [info] Added views:workbench.debug.welcome in workbench.view.debug
2024-02-13 10:02:42.846 [info] Added views:~remote.forwardedPorts in ~remote.forwardedPortsContainer
2024-02-13 10:02:51.207 [info] Added views:workbench.panel.markers.view in workbench.panel.markers
2024-02-13 10:02:51.208 [info] Added views:workbench.panel.output in workbench.panel.output
2024-02-13 10:02:51.208 [info] Added views:terminal in terminal
2024-02-13 10:02:51.208 [info] Added views:outline in workbench.view.explorer
2024-02-13 10:02:51.208 [info] Added views:workbench.scm in workbench.view.scm
2024-02-13 10:02:51.208 [info] Added views:workbench.view.search in workbench.view.search
2024-02-13 10:02:51.208 [info] Added views:timeline in workbench.view.explorer
2024-02-13 10:02:51.208 [info] Added views:workbench.explorer.fileView in workbench.view.explorer
2024-02-13 10:02:52.085 [info] Added views:workbench.debug.variablesView,workbench.debug.watchExpressionsView,workbench.debug.callStackView,workbench.debug.breakPointsView in workbench.view.debug
2024-02-13 10:02:52.221 [info] Added views:~remote.forwardedPorts in ~remote.forwardedPortsContainer
2024-02-13 10:02:52.737 [info] Added views:workbench.panel.repl.view in workbench.panel.repl
2024-02-13 10:02:52.740 [info] Removed views:workbench.debug.breakPointsView,workbench.debug.callStackView,workbench.debug.watchExpressionsView,workbench.debug.variablesView from workbench.view.debug
2024-02-13 10:02:52.742 [info] Added views:workbench.debug.welcome in workbench.view.debug
2024-02-13 10:02:54.204 [info] Added views:codeshareShares in workbench.view.extension.codeshareActivity
