2024-03-01 21:19:48.873 [info] Log level: Info
2024-03-01 21:19:48.873 [info] Validating found git in: "git"
2024-03-01 21:19:48.873 [info] Using git "2.34.1" from "git"
2024-03-01 21:19:48.873 [info] > git rev-parse --show-toplevel [66ms]
2024-03-01 21:19:48.873 [info] > git rev-parse --git-dir --git-common-dir [158ms]
2024-03-01 21:19:48.873 [info] Open repository: /home/fort/Documentos/GitHub/Proyecto-final-programacion-I
2024-03-01 21:19:48.875 [info] > git rev-parse --show-toplevel [9ms]
2024-03-01 21:19:48.876 [info] > git config --get commit.template [22ms]
2024-03-01 21:19:48.913 [info] > git rev-parse --show-toplevel [21ms]
2024-03-01 21:19:48.931 [info] > git for-each-ref --format=%(refname)%00%(upstream:short)%00%(objectname)%00%(upstream:track)%00%(upstream:remotename)%00%(upstream:remoteref) refs/heads/main refs/remotes/main [21ms]
2024-03-01 21:19:48.933 [info] > git rev-parse --show-toplevel [4ms]
2024-03-01 21:19:48.950 [info] > git rev-parse --show-toplevel [4ms]
2024-03-01 21:19:49.003 [info] > git status -z -uall [38ms]
2024-03-01 21:19:49.049 [info] > git config --get commit.template [5ms]
2024-03-01 21:19:49.119 [info] > git for-each-ref --format=%(refname)%00%(upstream:short)%00%(objectname)%00%(upstream:track)%00%(upstream:remotename)%00%(upstream:remoteref) refs/heads/main refs/remotes/main [24ms]
2024-03-01 21:19:49.141 [info] > git status -z -uall [4ms]
2024-03-01 21:19:49.386 [info] > git check-ignore -v -z --stdin [2ms]
2024-03-01 21:19:50.825 [info] > git check-ignore -v -z --stdin [3ms]
2024-03-01 21:19:50.857 [info] > git config --get commit.template [15ms]
2024-03-01 21:19:50.859 [info] > git for-each-ref --format=%(refname)%00%(upstream:short)%00%(objectname)%00%(upstream:track)%00%(upstream:remotename)%00%(upstream:remoteref) refs/heads/main refs/remotes/main [3ms]
2024-03-01 21:19:50.876 [info] > git status -z -uall [5ms]
2024-03-01 21:19:51.517 [info] > git check-ignore -v -z --stdin [3ms]
2024-03-01 21:19:52.490 [info] > git check-ignore -v -z --stdin [2ms]
2024-03-01 21:19:56.901 [info] > git show --textconv :lisaDeLlamadasFrame.cpp [41ms]
2024-03-01 21:19:56.906 [info] > git ls-files --stage -- /home/fort/Documentos/GitHub/Proyecto-final-programacion-I/lisaDeLlamadasFrame.cpp [5ms]
2024-03-01 21:19:56.929 [info] > git cat-file -s 44f261fdb17a2e3ae80bb5ff16f2a8d51580ac08 [5ms]
2024-03-01 21:20:10.541 [info] > git show --textconv :nuevaLlamadaFrame.cpp [17ms]
2024-03-01 21:20:10.555 [info] > git ls-files --stage -- /home/fort/Documentos/GitHub/Proyecto-final-programacion-I/nuevaLlamadaFrame.cpp [15ms]
2024-03-01 21:20:10.576 [info] > git cat-file -s 6dd3251b932bbb19aa4aec190e0dc35df06c8a4a [3ms]
2024-03-01 21:20:58.171 [info] > git show --textconv :lisaDeLlamadasFrame.cpp [17ms]
2024-03-01 21:20:58.174 [info] > git ls-files --stage -- /home/fort/Documentos/GitHub/Proyecto-final-programacion-I/lisaDeLlamadasFrame.cpp [5ms]
2024-03-01 21:20:58.194 [info] > git cat-file -s 44f261fdb17a2e3ae80bb5ff16f2a8d51580ac08 [3ms]
2024-03-01 21:21:10.211 [info] > git show --textconv :gestionarClientesFrame.h [20ms]
2024-03-01 21:21:10.217 [info] > git ls-files --stage -- /home/fort/Documentos/GitHub/Proyecto-final-programacion-I/gestionarClientesFrame.h [7ms]
2024-03-01 21:21:10.240 [info] > git cat-file -s b48234f0fdab0f62cb71b51cf6806971138b0e29 [9ms]
