2024-02-09 10:00:30.186 [info] Extension host with pid 106319 started
2024-02-09 10:00:30.284 [info] ExtensionService#_doActivateExtension vscode.emmet, startup: false, activationEvent: 'onLanguage'
2024-02-09 10:00:30.399 [info] ExtensionService#_doActivateExtension vscode.git-base, startup: true, activationEvent: '*', root cause: vscode.git
2024-02-09 10:00:30.439 [info] ExtensionService#_doActivateExtension vscode.git, startup: true, activationEvent: '*'
2024-02-09 10:00:30.631 [info] ExtensionService#_doActivateExtension vscode.github, startup: true, activationEvent: '*'
2024-02-09 10:00:30.823 [info] Eager extensions activated
2024-02-09 10:00:30.929 [info] ExtensionService#_doActivateExtension vscode.debug-auto-launch, startup: false, activationEvent: 'onStartupFinished'
2024-02-09 10:00:30.934 [info] ExtensionService#_doActivateExtension vscode.merge-conflict, startup: false, activationEvent: 'onStartupFinished'
2024-02-09 10:00:30.987 [info] ExtensionService#_doActivateExtension PKief.material-icon-theme, startup: false, activationEvent: 'onStartupFinished'
2024-02-09 10:00:31.018 [info] ExtensionService#_doActivateExtension ritwickdey.LiveServer, startup: false, activationEvent: 'onStartupFinished'
2024-02-09 10:04:14.814 [info] Extension host terminating: renderer closed the MessagePort
2024-02-09 10:04:14.834 [info] Extension host with pid 106319 exiting with code 0
2024-02-09 10:04:18.267 [info] Extension host with pid 106999 started
2024-02-09 10:04:18.267 [info] Skipping acquiring lock for /home/fort/.config/Code - OSS/User/workspaceStorage/f0182e95f96d3a30290be1aa660e92f0.
2024-02-09 10:04:18.331 [info] ExtensionService#_doActivateExtension vscode.git-base, startup: true, activationEvent: '*'
2024-02-09 10:04:18.347 [info] ExtensionService#_doActivateExtension vscode.github, startup: true, activationEvent: '*'
2024-02-09 10:04:18.439 [info] Eager extensions activated
2024-02-09 10:04:18.551 [info] ExtensionService#_doActivateExtension vscode.debug-auto-launch, startup: false, activationEvent: 'onStartupFinished'
2024-02-09 10:04:18.558 [info] ExtensionService#_doActivateExtension vscode.merge-conflict, startup: false, activationEvent: 'onStartupFinished'
2024-02-09 10:04:18.610 [info] ExtensionService#_doActivateExtension PKief.material-icon-theme, startup: false, activationEvent: 'onStartupFinished'
2024-02-09 10:04:25.997 [info] ExtensionService#_doActivateExtension vscode.git, startup: false, activationEvent: 'api', root cause: vscode.github
2024-02-09 10:04:26.156 [info] ExtensionService#_doActivateExtension ritwickdey.LiveServer, startup: false, activationEvent: 'onStartupFinished'
2024-02-09 10:05:02.004 [info] ExtensionService#_doActivateExtension vscode.emmet, startup: false, activationEvent: 'onLanguage'
2024-02-09 10:05:37.724 [info] ExtensionService#_doActivateExtension KevinRose.vsc-python-indent, startup: false, activationEvent: 'onLanguage:python'
2024-02-09 10:05:58.043 [info] ExtensionService#_doActivateExtension ms-python.python, startup: false, activationEvent: 'onWalkthrough:pythonWelcome'
2024-02-09 10:06:00.193 [error] Error: Extension 'ms-python.python' CANNOT use API proposal: testObserver.
Its package.json#enabledApiProposals-property declares:  but NOT testObserver.
 The missing proposal MUST be added and you must start in extension development mode or use the following command line switch: --enable-proposed-api ms-python.python
	at E (/usr/lib/code/out/vs/workbench/api/node/extensionHostProcess.js:138:51177)
	at get testResults [as testResults] (/usr/lib/code/out/vs/workbench/api/node/extensionHostProcess.js:160:24126)
	at w.activate (/home/fort/.vscode-oss/extensions/ms-python.python-2024.0.1-universal/out/client/extension.js:2:773684)
	at /home/fort/.vscode-oss/extensions/ms-python.python-2024.0.1-universal/out/client/extension.js:2:2460
	at Array.map (<anonymous>)
	at g.activateWorkspace (/home/fort/.vscode-oss/extensions/ms-python.python-2024.0.1-universal/out/client/extension.js:2:2450)
2024-02-09 10:57:16.474 [info] Extension host terminating: renderer closed the MessagePort
2024-02-09 10:57:16.533 [info] Extension host with pid 106999 exiting with code 0
